[0.010s] Invoking command in '/home/lars/tb_ws/build/tb_cpp': CMAKE_PREFIX_PATH=${CMAKE_PREFIX_PATH}:/opt/ros/foxy /usr/bin/cmake --build /home/lars/tb_ws/build/tb_cpp -- -j12 -l12
[0.025s] -- Found ament_cmake: 0.9.11 (/opt/ros/foxy/share/ament_cmake/cmake)
[0.039s] -- Using PYTHON_EXECUTABLE: /usr/bin/python3
[0.141s] -- Found ament_lint_auto: 0.9.7 (/opt/ros/foxy/share/ament_lint_auto/cmake)
[0.179s] -- Added test 'copyright' to check source files copyright and LICENSE
[0.179s] -- Added test 'cppcheck' to perform static code analysis on C / C++ code
[0.179s] -- Configured cppcheck include dirs: $<BUILD_INTERFACE:/home/lars/tb_ws/src/tb_cpp/include>
[0.179s] -- Configured cppcheck exclude dirs and/or files: 
[0.179s] -- Added test 'cpplint' to check C / C++ code against the Google style
[0.179s] -- Configured cpplint exclude dirs and/or files: 
[0.180s] -- Added test 'lint_cmake' to check CMake code style
[0.180s] -- Added test 'uncrustify' to check C / C++ code style
[0.180s] -- Configured uncrustify additional arguments: 
[0.180s] -- Added test 'xmllint' to check XML markup files
[0.181s] -- Configuring done
[0.183s] -- Generating done
[0.183s] -- Build files have been written to: /home/lars/tb_ws/build/tb_cpp
[0.202s] [100%] Built target my_node
[0.210s] Invoked command in '/home/lars/tb_ws/build/tb_cpp' returned '0': CMAKE_PREFIX_PATH=${CMAKE_PREFIX_PATH}:/opt/ros/foxy /usr/bin/cmake --build /home/lars/tb_ws/build/tb_cpp -- -j12 -l12
[0.232s] Invoking command in '/home/lars/tb_ws/build/tb_cpp': CMAKE_PREFIX_PATH=${CMAKE_PREFIX_PATH}:/opt/ros/foxy /usr/bin/cmake --install /home/lars/tb_ws/build/tb_cpp
[0.237s] -- Install configuration: ""
[0.237s] -- Up-to-date: /home/lars/tb_ws/install/tb_cpp/lib/tb_cpp/my_node
[0.237s] CMake Error at cmake_install.cmake:57 (file):
[0.237s]   file INSTALL cannot find "/home/lars/tb_ws/src/tb_cpp/launch": No such file
[0.237s]   or directory.
[0.237s] 
[0.237s] 
[0.239s] Invoked command in '/home/lars/tb_ws/build/tb_cpp' returned '1': CMAKE_PREFIX_PATH=${CMAKE_PREFIX_PATH}:/opt/ros/foxy /usr/bin/cmake --install /home/lars/tb_ws/build/tb_cpp
