[0.010s] Invoking command in '/home/lars/tb_ws/build/tb_cpp': CMAKE_PREFIX_PATH=${CMAKE_PREFIX_PATH}:/opt/ros/foxy /usr/bin/cmake --build /home/lars/tb_ws/build/tb_cpp -- -j12 -l12
[0.045s] [100%] Built target my_node
[0.053s] Invoked command in '/home/lars/tb_ws/build/tb_cpp' returned '0': CMAKE_PREFIX_PATH=${CMAKE_PREFIX_PATH}:/opt/ros/foxy /usr/bin/cmake --build /home/lars/tb_ws/build/tb_cpp -- -j12 -l12
[0.074s] Invoking command in '/home/lars/tb_ws/build/tb_cpp': CMAKE_PREFIX_PATH=${CMAKE_PREFIX_PATH}:/opt/ros/foxy /usr/bin/cmake --install /home/lars/tb_ws/build/tb_cpp
[0.080s] -- Install configuration: ""
[0.080s] -- Up-to-date: /home/lars/tb_ws/install/tb_cpp/lib/tb_cpp/my_node
[0.080s] -- Up-to-date: /home/lars/tb_ws/install/tb_cpp/share/tb_cpp//launch
[0.080s] -- Installing: /home/lars/tb_ws/install/tb_cpp/share/tb_cpp//launch/test.launch.py
[0.080s] -- Up-to-date: /home/lars/tb_ws/install/tb_cpp/share/tb_cpp//launch/tb_launch.py
[0.080s] -- Up-to-date: /home/lars/tb_ws/install/tb_cpp/share/ament_index/resource_index/package_run_dependencies/tb_cpp
[0.080s] -- Up-to-date: /home/lars/tb_ws/install/tb_cpp/share/ament_index/resource_index/parent_prefix_path/tb_cpp
[0.080s] -- Up-to-date: /home/lars/tb_ws/install/tb_cpp/share/tb_cpp/environment/ament_prefix_path.sh
[0.080s] -- Up-to-date: /home/lars/tb_ws/install/tb_cpp/share/tb_cpp/environment/ament_prefix_path.dsv
[0.080s] -- Up-to-date: /home/lars/tb_ws/install/tb_cpp/share/tb_cpp/environment/path.sh
[0.080s] -- Up-to-date: /home/lars/tb_ws/install/tb_cpp/share/tb_cpp/environment/path.dsv
[0.081s] -- Up-to-date: /home/lars/tb_ws/install/tb_cpp/share/tb_cpp/local_setup.bash
[0.081s] -- Up-to-date: /home/lars/tb_ws/install/tb_cpp/share/tb_cpp/local_setup.sh
[0.081s] -- Up-to-date: /home/lars/tb_ws/install/tb_cpp/share/tb_cpp/local_setup.zsh
[0.081s] -- Up-to-date: /home/lars/tb_ws/install/tb_cpp/share/tb_cpp/local_setup.dsv
[0.081s] -- Installing: /home/lars/tb_ws/install/tb_cpp/share/tb_cpp/package.dsv
[0.081s] -- Up-to-date: /home/lars/tb_ws/install/tb_cpp/share/ament_index/resource_index/packages/tb_cpp
[0.081s] -- Up-to-date: /home/lars/tb_ws/install/tb_cpp/share/tb_cpp/cmake/tb_cppConfig.cmake
[0.081s] -- Up-to-date: /home/lars/tb_ws/install/tb_cpp/share/tb_cpp/cmake/tb_cppConfig-version.cmake
[0.081s] -- Up-to-date: /home/lars/tb_ws/install/tb_cpp/share/tb_cpp/package.xml
[0.082s] Invoked command in '/home/lars/tb_ws/build/tb_cpp' returned '0': CMAKE_PREFIX_PATH=${CMAKE_PREFIX_PATH}:/opt/ros/foxy /usr/bin/cmake --install /home/lars/tb_ws/build/tb_cpp
