[0.178s] DEBUG:colcon:Command line arguments: ['/usr/bin/colcon', 'build']
[0.178s] DEBUG:colcon:Parsed command line arguments: Namespace(allow_overriding=[], ament_cmake_args=None, base_paths=['.'], build_base='build', catkin_cmake_args=None, catkin_skip_building_tests=False, cmake_args=None, cmake_clean_cache=False, cmake_clean_first=False, cmake_force_configure=False, cmake_target=None, cmake_target_skip_unavailable=False, continue_on_error=False, event_handlers=None, executor='parallel', ignore_user_meta=False, install_base='install', log_base=None, log_level=None, main=<bound method BuildVerb.main of <colcon_core.verb.build.BuildVerb object at 0x7fbf56448190>>, merge_install=False, metas=['./colcon.meta'], packages_above=None, packages_above_and_dependencies=None, packages_above_depth=None, packages_end=None, packages_ignore=None, packages_ignore_regex=None, packages_select=None, packages_select_build_failed=False, packages_select_by_dep=None, packages_select_regex=None, packages_select_test_failures=False, packages_skip=None, packages_skip_build_finished=False, packages_skip_by_dep=None, packages_skip_regex=None, packages_skip_test_passed=False, packages_skip_up_to=None, packages_start=None, packages_up_to=None, packages_up_to_regex=None, parallel_workers=12, paths=None, symlink_install=False, test_result_base=None, verb_extension=<colcon_core.verb.build.BuildVerb object at 0x7fbf56448190>, verb_name='build', verb_parser=<colcon_defaults.argument_parser.defaults.DefaultArgumentsDecorator object at 0x7fbf564486d0>)
[0.195s] Level 1:colcon.colcon_core.package_discovery:discover_packages(colcon_meta) check parameters
[0.195s] Level 1:colcon.colcon_core.package_discovery:discover_packages(recursive) check parameters
[0.195s] Level 1:colcon.colcon_core.package_discovery:discover_packages(ignore) check parameters
[0.195s] Level 1:colcon.colcon_core.package_discovery:discover_packages(path) check parameters
[0.195s] Level 1:colcon.colcon_core.package_discovery:discover_packages(colcon_meta) discover
[0.195s] Level 1:colcon.colcon_core.package_discovery:discover_packages(recursive) discover
[0.195s] INFO:colcon.colcon_core.package_discovery:Crawling recursively for packages in '/home/lars/MasterUiA/tb_ws'
[0.195s] Level 1:colcon.colcon_core.package_identification:_identify(.) by extensions ['ignore', 'ignore_ament_install']
[0.195s] Level 1:colcon.colcon_core.package_identification:_identify(.) by extension 'ignore'
[0.195s] Level 1:colcon.colcon_core.package_identification:_identify(.) by extension 'ignore_ament_install'
[0.195s] Level 1:colcon.colcon_core.package_identification:_identify(.) by extensions ['colcon_pkg']
[0.195s] Level 1:colcon.colcon_core.package_identification:_identify(.) by extension 'colcon_pkg'
[0.195s] Level 1:colcon.colcon_core.package_identification:_identify(.) by extensions ['colcon_meta']
[0.195s] Level 1:colcon.colcon_core.package_identification:_identify(.) by extension 'colcon_meta'
[0.195s] Level 1:colcon.colcon_core.package_identification:_identify(.) by extensions ['ros']
[0.195s] Level 1:colcon.colcon_core.package_identification:_identify(.) by extension 'ros'
[0.209s] Level 1:colcon.colcon_core.package_identification:_identify(.) by extensions ['cmake', 'python']
[0.209s] Level 1:colcon.colcon_core.package_identification:_identify(.) by extension 'cmake'
[0.209s] Level 1:colcon.colcon_core.package_identification:_identify(.) by extension 'python'
[0.209s] Level 1:colcon.colcon_core.package_identification:_identify(.) by extensions ['python_setup_py']
[0.209s] Level 1:colcon.colcon_core.package_identification:_identify(.) by extension 'python_setup_py'
[0.209s] Level 1:colcon.colcon_core.package_identification:_identify(build) by extensions ['ignore', 'ignore_ament_install']
[0.209s] Level 1:colcon.colcon_core.package_identification:_identify(build) by extension 'ignore'
[0.209s] Level 1:colcon.colcon_core.package_identification:_identify(build) ignored
[0.209s] Level 1:colcon.colcon_core.package_identification:_identify(install) by extensions ['ignore', 'ignore_ament_install']
[0.209s] Level 1:colcon.colcon_core.package_identification:_identify(install) by extension 'ignore'
[0.209s] Level 1:colcon.colcon_core.package_identification:_identify(install) ignored
[0.209s] Level 1:colcon.colcon_core.package_identification:_identify(log) by extensions ['ignore', 'ignore_ament_install']
[0.209s] Level 1:colcon.colcon_core.package_identification:_identify(log) by extension 'ignore'
[0.209s] Level 1:colcon.colcon_core.package_identification:_identify(log) ignored
[0.209s] Level 1:colcon.colcon_core.package_identification:_identify(src) by extensions ['ignore', 'ignore_ament_install']
[0.209s] Level 1:colcon.colcon_core.package_identification:_identify(src) by extension 'ignore'
[0.209s] Level 1:colcon.colcon_core.package_identification:_identify(src) by extension 'ignore_ament_install'
[0.209s] Level 1:colcon.colcon_core.package_identification:_identify(src) by extensions ['colcon_pkg']
[0.209s] Level 1:colcon.colcon_core.package_identification:_identify(src) by extension 'colcon_pkg'
[0.210s] Level 1:colcon.colcon_core.package_identification:_identify(src) by extensions ['colcon_meta']
[0.210s] Level 1:colcon.colcon_core.package_identification:_identify(src) by extension 'colcon_meta'
[0.210s] Level 1:colcon.colcon_core.package_identification:_identify(src) by extensions ['ros']
[0.210s] Level 1:colcon.colcon_core.package_identification:_identify(src) by extension 'ros'
[0.210s] Level 1:colcon.colcon_core.package_identification:_identify(src) by extensions ['cmake', 'python']
[0.210s] Level 1:colcon.colcon_core.package_identification:_identify(src) by extension 'cmake'
[0.210s] Level 1:colcon.colcon_core.package_identification:_identify(src) by extension 'python'
[0.210s] Level 1:colcon.colcon_core.package_identification:_identify(src) by extensions ['python_setup_py']
[0.210s] Level 1:colcon.colcon_core.package_identification:_identify(src) by extension 'python_setup_py'
[0.210s] Level 1:colcon.colcon_core.package_identification:_identify(src/tb3_cpp) by extensions ['ignore', 'ignore_ament_install']
[0.210s] Level 1:colcon.colcon_core.package_identification:_identify(src/tb3_cpp) by extension 'ignore'
[0.210s] Level 1:colcon.colcon_core.package_identification:_identify(src/tb3_cpp) by extension 'ignore_ament_install'
[0.210s] Level 1:colcon.colcon_core.package_identification:_identify(src/tb3_cpp) by extensions ['colcon_pkg']
[0.210s] Level 1:colcon.colcon_core.package_identification:_identify(src/tb3_cpp) by extension 'colcon_pkg'
[0.210s] Level 1:colcon.colcon_core.package_identification:_identify(src/tb3_cpp) by extensions ['colcon_meta']
[0.210s] Level 1:colcon.colcon_core.package_identification:_identify(src/tb3_cpp) by extension 'colcon_meta'
[0.210s] Level 1:colcon.colcon_core.package_identification:_identify(src/tb3_cpp) by extensions ['ros']
[0.210s] Level 1:colcon.colcon_core.package_identification:_identify(src/tb3_cpp) by extension 'ros'
[0.212s] DEBUG:colcon.colcon_core.package_identification:Package 'src/tb3_cpp' with type 'ros.ament_cmake' and name 'tb3_cpp'
[0.212s] Level 1:colcon.colcon_core.package_discovery:discover_packages(recursive) using defaults
[0.212s] Level 1:colcon.colcon_core.package_discovery:discover_packages(ignore) discover
[0.212s] Level 1:colcon.colcon_core.package_discovery:discover_packages(ignore) using defaults
[0.212s] Level 1:colcon.colcon_core.package_discovery:discover_packages(path) discover
[0.212s] Level 1:colcon.colcon_core.package_discovery:discover_packages(path) using defaults
[0.223s] Level 1:colcon.colcon_core.package_discovery:discover_packages(prefix_path) check parameters
[0.223s] Level 1:colcon.colcon_core.package_discovery:discover_packages(prefix_path) discover
[0.224s] WARNING:colcon.colcon_ros.prefix_path.ament:The path '/home/lars/MasterUiA/tb_ws/install/tb3_cpp' in the environment variable AMENT_PREFIX_PATH doesn't exist
[0.224s] WARNING:colcon.colcon_ros.prefix_path.catkin:The path '/home/lars/MasterUiA/tb_ws/install/tb3_cpp' in the environment variable CMAKE_PREFIX_PATH doesn't exist
[0.225s] DEBUG:colcon.colcon_installed_package_information.package_discovery:Found 0 installed packages in /home/lars/MasterUiA/tb_ws/install
[0.226s] DEBUG:colcon.colcon_installed_package_information.package_discovery:Found 312 installed packages in /opt/ros/foxy
[0.227s] Level 1:colcon.colcon_core.package_discovery:discover_packages(prefix_path) using defaults
[0.272s] Level 5:colcon.colcon_core.verb:set package 'tb3_cpp' build argument 'cmake_args' from command line to 'None'
[0.272s] Level 5:colcon.colcon_core.verb:set package 'tb3_cpp' build argument 'cmake_target' from command line to 'None'
[0.272s] Level 5:colcon.colcon_core.verb:set package 'tb3_cpp' build argument 'cmake_target_skip_unavailable' from command line to 'False'
[0.272s] Level 5:colcon.colcon_core.verb:set package 'tb3_cpp' build argument 'cmake_clean_cache' from command line to 'False'
[0.272s] Level 5:colcon.colcon_core.verb:set package 'tb3_cpp' build argument 'cmake_clean_first' from command line to 'False'
[0.272s] Level 5:colcon.colcon_core.verb:set package 'tb3_cpp' build argument 'cmake_force_configure' from command line to 'False'
[0.272s] Level 5:colcon.colcon_core.verb:set package 'tb3_cpp' build argument 'ament_cmake_args' from command line to 'None'
[0.272s] Level 5:colcon.colcon_core.verb:set package 'tb3_cpp' build argument 'catkin_cmake_args' from command line to 'None'
[0.272s] Level 5:colcon.colcon_core.verb:set package 'tb3_cpp' build argument 'catkin_skip_building_tests' from command line to 'False'
[0.272s] DEBUG:colcon.colcon_core.verb:Building package 'tb3_cpp' with the following arguments: {'ament_cmake_args': None, 'build_base': '/home/lars/MasterUiA/tb_ws/build/tb3_cpp', 'catkin_cmake_args': None, 'catkin_skip_building_tests': False, 'cmake_args': None, 'cmake_clean_cache': False, 'cmake_clean_first': False, 'cmake_force_configure': False, 'cmake_target': None, 'cmake_target_skip_unavailable': False, 'install_base': '/home/lars/MasterUiA/tb_ws/install/tb3_cpp', 'merge_install': False, 'path': '/home/lars/MasterUiA/tb_ws/src/tb3_cpp', 'symlink_install': False, 'test_result_base': None}
[0.272s] INFO:colcon.colcon_core.executor:Executing jobs using 'parallel' executor
[0.275s] DEBUG:colcon.colcon_parallel_executor.executor.parallel:run_until_complete
[0.275s] INFO:colcon.colcon_ros.task.ament_cmake.build:Building ROS package in '/home/lars/MasterUiA/tb_ws/src/tb3_cpp' with build type 'ament_cmake'
[0.275s] INFO:colcon.colcon_cmake.task.cmake.build:Building CMake package in '/home/lars/MasterUiA/tb_ws/src/tb3_cpp'
[0.278s] INFO:colcon.colcon_core.plugin_system:Skipping extension 'colcon_core.shell.bat': Not used on non-Windows systems
[0.278s] INFO:colcon.colcon_core.shell:Skip shell extension 'powershell' for command environment: Not usable outside of PowerShell
[0.278s] DEBUG:colcon.colcon_core.shell:Skip shell extension 'dsv' for command environment
[0.286s] DEBUG:colcon.colcon_core.event_handler.log_command:Invoking command in '/home/lars/MasterUiA/tb_ws/build/tb3_cpp': CMAKE_PREFIX_PATH=${CMAKE_PREFIX_PATH}:/opt/ros/foxy /usr/bin/cmake /home/lars/MasterUiA/tb_ws/src/tb3_cpp -DCMAKE_INSTALL_PREFIX=/home/lars/MasterUiA/tb_ws/install/tb3_cpp
[0.774s] DEBUG:colcon.colcon_core.event_handler.log_command:Invoked command in '/home/lars/MasterUiA/tb_ws/build/tb3_cpp' returned '0': CMAKE_PREFIX_PATH=${CMAKE_PREFIX_PATH}:/opt/ros/foxy /usr/bin/cmake /home/lars/MasterUiA/tb_ws/src/tb3_cpp -DCMAKE_INSTALL_PREFIX=/home/lars/MasterUiA/tb_ws/install/tb3_cpp
[0.777s] DEBUG:colcon.colcon_core.event_handler.log_command:Invoking command in '/home/lars/MasterUiA/tb_ws/build/tb3_cpp': CMAKE_PREFIX_PATH=${CMAKE_PREFIX_PATH}:/opt/ros/foxy /usr/bin/cmake --build /home/lars/MasterUiA/tb_ws/build/tb3_cpp -- -j12 -l12
[0.873s] DEBUG:colcon.colcon_core.event_handler.log_command:Invoked command in '/home/lars/MasterUiA/tb_ws/build/tb3_cpp' returned '0': CMAKE_PREFIX_PATH=${CMAKE_PREFIX_PATH}:/opt/ros/foxy /usr/bin/cmake --build /home/lars/MasterUiA/tb_ws/build/tb3_cpp -- -j12 -l12
[0.899s] DEBUG:colcon.colcon_core.event_handler.log_command:Invoking command in '/home/lars/MasterUiA/tb_ws/build/tb3_cpp': CMAKE_PREFIX_PATH=${CMAKE_PREFIX_PATH}:/opt/ros/foxy /usr/bin/cmake --install /home/lars/MasterUiA/tb_ws/build/tb3_cpp
[0.908s] Level 1:colcon.colcon_core.environment:create_environment_scripts_only(tb3_cpp)
[0.909s] DEBUG:colcon.colcon_core.event_handler.log_command:Invoked command in '/home/lars/MasterUiA/tb_ws/build/tb3_cpp' returned '0': CMAKE_PREFIX_PATH=${CMAKE_PREFIX_PATH}:/opt/ros/foxy /usr/bin/cmake --install /home/lars/MasterUiA/tb_ws/build/tb3_cpp
[0.913s] Level 1:colcon.colcon_core.environment:checking '/home/lars/MasterUiA/tb_ws/install/tb3_cpp' for CMake module files
[0.913s] Level 1:colcon.colcon_core.environment:checking '/home/lars/MasterUiA/tb_ws/install/tb3_cpp' for CMake config files
[0.913s] Level 1:colcon.colcon_core.shell:create_environment_hook('tb3_cpp', 'cmake_prefix_path')
[0.914s] INFO:colcon.colcon_core.shell:Creating environment hook '/home/lars/MasterUiA/tb_ws/install/tb3_cpp/share/tb3_cpp/hook/cmake_prefix_path.ps1'
[0.915s] INFO:colcon.colcon_core.shell:Creating environment descriptor '/home/lars/MasterUiA/tb_ws/install/tb3_cpp/share/tb3_cpp/hook/cmake_prefix_path.dsv'
[0.915s] INFO:colcon.colcon_core.shell:Creating environment hook '/home/lars/MasterUiA/tb_ws/install/tb3_cpp/share/tb3_cpp/hook/cmake_prefix_path.sh'
[0.915s] Level 1:colcon.colcon_core.environment:checking '/home/lars/MasterUiA/tb_ws/install/tb3_cpp/lib'
[0.916s] Level 1:colcon.colcon_core.environment:checking '/home/lars/MasterUiA/tb_ws/install/tb3_cpp/bin'
[0.916s] Level 1:colcon.colcon_core.environment:checking '/home/lars/MasterUiA/tb_ws/install/tb3_cpp/lib/pkgconfig/tb3_cpp.pc'
[0.916s] Level 1:colcon.colcon_core.environment:checking '/home/lars/MasterUiA/tb_ws/install/tb3_cpp/lib/python3.8/site-packages'
[0.916s] Level 1:colcon.colcon_core.environment:checking '/home/lars/MasterUiA/tb_ws/install/tb3_cpp/bin'
[0.917s] INFO:colcon.colcon_core.shell:Creating package script '/home/lars/MasterUiA/tb_ws/install/tb3_cpp/share/tb3_cpp/package.ps1'
[0.918s] INFO:colcon.colcon_core.shell:Creating package descriptor '/home/lars/MasterUiA/tb_ws/install/tb3_cpp/share/tb3_cpp/package.dsv'
[0.918s] INFO:colcon.colcon_core.shell:Creating package script '/home/lars/MasterUiA/tb_ws/install/tb3_cpp/share/tb3_cpp/package.sh'
[0.919s] INFO:colcon.colcon_core.shell:Creating package script '/home/lars/MasterUiA/tb_ws/install/tb3_cpp/share/tb3_cpp/package.bash'
[0.919s] INFO:colcon.colcon_core.shell:Creating package script '/home/lars/MasterUiA/tb_ws/install/tb3_cpp/share/tb3_cpp/package.zsh'
[0.919s] Level 1:colcon.colcon_core.environment:create_file_with_runtime_dependencies(/home/lars/MasterUiA/tb_ws/install/tb3_cpp/share/colcon-core/packages/tb3_cpp)
[0.936s] Level 1:colcon.colcon_core.environment:create_environment_scripts_only(tb3_cpp)
[0.938s] Level 1:colcon.colcon_core.environment:checking '/home/lars/MasterUiA/tb_ws/install/tb3_cpp' for CMake module files
[0.938s] Level 1:colcon.colcon_core.environment:checking '/home/lars/MasterUiA/tb_ws/install/tb3_cpp' for CMake config files
[0.938s] Level 1:colcon.colcon_core.shell:create_environment_hook('tb3_cpp', 'cmake_prefix_path')
[0.939s] INFO:colcon.colcon_core.shell:Creating environment hook '/home/lars/MasterUiA/tb_ws/install/tb3_cpp/share/tb3_cpp/hook/cmake_prefix_path.ps1'
[0.940s] INFO:colcon.colcon_core.shell:Creating environment descriptor '/home/lars/MasterUiA/tb_ws/install/tb3_cpp/share/tb3_cpp/hook/cmake_prefix_path.dsv'
[0.940s] INFO:colcon.colcon_core.shell:Creating environment hook '/home/lars/MasterUiA/tb_ws/install/tb3_cpp/share/tb3_cpp/hook/cmake_prefix_path.sh'
[0.940s] Level 1:colcon.colcon_core.environment:checking '/home/lars/MasterUiA/tb_ws/install/tb3_cpp/lib'
[0.940s] Level 1:colcon.colcon_core.environment:checking '/home/lars/MasterUiA/tb_ws/install/tb3_cpp/bin'
[0.940s] Level 1:colcon.colcon_core.environment:checking '/home/lars/MasterUiA/tb_ws/install/tb3_cpp/lib/pkgconfig/tb3_cpp.pc'
[0.940s] Level 1:colcon.colcon_core.environment:checking '/home/lars/MasterUiA/tb_ws/install/tb3_cpp/lib/python3.8/site-packages'
[0.941s] Level 1:colcon.colcon_core.environment:checking '/home/lars/MasterUiA/tb_ws/install/tb3_cpp/bin'
[0.941s] INFO:colcon.colcon_core.shell:Creating package script '/home/lars/MasterUiA/tb_ws/install/tb3_cpp/share/tb3_cpp/package.ps1'
[0.942s] INFO:colcon.colcon_core.shell:Creating package descriptor '/home/lars/MasterUiA/tb_ws/install/tb3_cpp/share/tb3_cpp/package.dsv'
[0.942s] INFO:colcon.colcon_core.shell:Creating package script '/home/lars/MasterUiA/tb_ws/install/tb3_cpp/share/tb3_cpp/package.sh'
[0.942s] INFO:colcon.colcon_core.shell:Creating package script '/home/lars/MasterUiA/tb_ws/install/tb3_cpp/share/tb3_cpp/package.bash'
[0.942s] INFO:colcon.colcon_core.shell:Creating package script '/home/lars/MasterUiA/tb_ws/install/tb3_cpp/share/tb3_cpp/package.zsh'
[0.943s] Level 1:colcon.colcon_core.environment:create_file_with_runtime_dependencies(/home/lars/MasterUiA/tb_ws/install/tb3_cpp/share/colcon-core/packages/tb3_cpp)
[0.943s] DEBUG:colcon.colcon_parallel_executor.executor.parallel:closing loop
[0.943s] DEBUG:colcon.colcon_parallel_executor.executor.parallel:loop closed
[0.943s] DEBUG:colcon.colcon_parallel_executor.executor.parallel:run_until_complete finished with '0'
[0.943s] DEBUG:colcon.colcon_core.event_reactor:joining thread
[0.947s] INFO:colcon.colcon_core.plugin_system:Skipping extension 'colcon_notification.desktop_notification.terminal_notifier': Not used on non-Darwin systems
[0.947s] INFO:colcon.colcon_core.plugin_system:Skipping extension 'colcon_notification.desktop_notification.win32': Not used on non-Windows systems
[0.947s] INFO:colcon.colcon_notification.desktop_notification:Sending desktop notification using 'notify2'
[0.960s] DEBUG:colcon.colcon_core.event_reactor:joined thread
[0.961s] INFO:colcon.colcon_core.shell:Creating prefix script '/home/lars/MasterUiA/tb_ws/install/local_setup.ps1'
[0.962s] INFO:colcon.colcon_core.shell:Creating prefix util module '/home/lars/MasterUiA/tb_ws/install/_local_setup_util_ps1.py'
[0.963s] INFO:colcon.colcon_core.shell:Creating prefix chain script '/home/lars/MasterUiA/tb_ws/install/setup.ps1'
[0.964s] INFO:colcon.colcon_core.shell:Creating prefix script '/home/lars/MasterUiA/tb_ws/install/local_setup.sh'
[0.965s] INFO:colcon.colcon_core.shell:Creating prefix util module '/home/lars/MasterUiA/tb_ws/install/_local_setup_util_sh.py'
[0.965s] INFO:colcon.colcon_core.shell:Creating prefix chain script '/home/lars/MasterUiA/tb_ws/install/setup.sh'
[0.966s] INFO:colcon.colcon_core.shell:Creating prefix script '/home/lars/MasterUiA/tb_ws/install/local_setup.bash'
[0.966s] INFO:colcon.colcon_core.shell:Creating prefix chain script '/home/lars/MasterUiA/tb_ws/install/setup.bash'
[0.967s] INFO:colcon.colcon_core.shell:Creating prefix script '/home/lars/MasterUiA/tb_ws/install/local_setup.zsh'
[0.967s] INFO:colcon.colcon_core.shell:Creating prefix chain script '/home/lars/MasterUiA/tb_ws/install/setup.zsh'
