[100%] Built target my_node
-- Install configuration: ""
-- Up-to-date: /home/lars/MasterUiA/tb_ws/install/tb3_cpp/lib/tb3_cpp/my_node
-- Up-to-date: /home/lars/MasterUiA/tb_ws/install/tb3_cpp/share/tb3_cpp//launch
-- Up-to-date: /home/lars/MasterUiA/tb_ws/install/tb3_cpp/share/tb3_cpp//launch/test.py
-- Up-to-date: /home/lars/MasterUiA/tb_ws/install/tb3_cpp/share/tb3_cpp//launch/tb3_launch.py
-- Up-to-date: /home/lars/MasterUiA/tb_ws/install/tb3_cpp/share/tb3_cpp//params
-- Installing: /home/lars/MasterUiA/tb_ws/install/tb3_cpp/share/tb3_cpp//params/tb3_param.yaml
-- Up-to-date: /home/lars/MasterUiA/tb_ws/install/tb3_cpp/share/ament_index/resource_index/package_run_dependencies/tb3_cpp
-- Up-to-date: /home/lars/MasterUiA/tb_ws/install/tb3_cpp/share/ament_index/resource_index/parent_prefix_path/tb3_cpp
-- Up-to-date: /home/lars/MasterUiA/tb_ws/install/tb3_cpp/share/tb3_cpp/environment/ament_prefix_path.sh
-- Up-to-date: /home/lars/MasterUiA/tb_ws/install/tb3_cpp/share/tb3_cpp/environment/ament_prefix_path.dsv
-- Up-to-date: /home/lars/MasterUiA/tb_ws/install/tb3_cpp/share/tb3_cpp/environment/path.sh
-- Up-to-date: /home/lars/MasterUiA/tb_ws/install/tb3_cpp/share/tb3_cpp/environment/path.dsv
-- Up-to-date: /home/lars/MasterUiA/tb_ws/install/tb3_cpp/share/tb3_cpp/local_setup.bash
-- Up-to-date: /home/lars/MasterUiA/tb_ws/install/tb3_cpp/share/tb3_cpp/local_setup.sh
-- Up-to-date: /home/lars/MasterUiA/tb_ws/install/tb3_cpp/share/tb3_cpp/local_setup.zsh
-- Up-to-date: /home/lars/MasterUiA/tb_ws/install/tb3_cpp/share/tb3_cpp/local_setup.dsv
-- Installing: /home/lars/MasterUiA/tb_ws/install/tb3_cpp/share/tb3_cpp/package.dsv
-- Up-to-date: /home/lars/MasterUiA/tb_ws/install/tb3_cpp/share/ament_index/resource_index/packages/tb3_cpp
-- Up-to-date: /home/lars/MasterUiA/tb_ws/install/tb3_cpp/share/tb3_cpp/cmake/tb3_cppConfig.cmake
-- Up-to-date: /home/lars/MasterUiA/tb_ws/install/tb3_cpp/share/tb3_cpp/cmake/tb3_cppConfig-version.cmake
-- Up-to-date: /home/lars/MasterUiA/tb_ws/install/tb3_cpp/share/tb3_cpp/package.xml
