[0.012s] Invoking command in '/home/lars/MasterUiA/tb_ws/build/tb3_cpp': CMAKE_PREFIX_PATH=${CMAKE_PREFIX_PATH}:/opt/ros/foxy /usr/bin/cmake --build /home/lars/MasterUiA/tb_ws/build/tb3_cpp -- -j12 -l12
[0.043s] [100%] Built target my_node
[0.050s] Invoked command in '/home/lars/MasterUiA/tb_ws/build/tb3_cpp' returned '0': CMAKE_PREFIX_PATH=${CMAKE_PREFIX_PATH}:/opt/ros/foxy /usr/bin/cmake --build /home/lars/MasterUiA/tb_ws/build/tb3_cpp -- -j12 -l12
[0.073s] Invoking command in '/home/lars/MasterUiA/tb_ws/build/tb3_cpp': CMAKE_PREFIX_PATH=${CMAKE_PREFIX_PATH}:/opt/ros/foxy /usr/bin/cmake --install /home/lars/MasterUiA/tb_ws/build/tb3_cpp
[0.078s] -- Install configuration: ""
[0.078s] -- Up-to-date: /home/lars/MasterUiA/tb_ws/install/tb3_cpp/lib/tb3_cpp/my_node
[0.078s] -- Up-to-date: /home/lars/MasterUiA/tb_ws/install/tb3_cpp/share/tb3_cpp//launch
[0.078s] -- Installing: /home/lars/MasterUiA/tb_ws/install/tb3_cpp/share/tb3_cpp//launch/tb3_launch.py
[0.078s] -- Up-to-date: /home/lars/MasterUiA/tb_ws/install/tb3_cpp/share/tb3_cpp//params
[0.078s] -- Installing: /home/lars/MasterUiA/tb_ws/install/tb3_cpp/share/tb3_cpp//params/tb3_param.yaml
[0.078s] -- Up-to-date: /home/lars/MasterUiA/tb_ws/install/tb3_cpp/share/ament_index/resource_index/package_run_dependencies/tb3_cpp
[0.078s] -- Up-to-date: /home/lars/MasterUiA/tb_ws/install/tb3_cpp/share/ament_index/resource_index/parent_prefix_path/tb3_cpp
[0.079s] -- Up-to-date: /home/lars/MasterUiA/tb_ws/install/tb3_cpp/share/tb3_cpp/environment/ament_prefix_path.sh
[0.079s] -- Up-to-date: /home/lars/MasterUiA/tb_ws/install/tb3_cpp/share/tb3_cpp/environment/ament_prefix_path.dsv
[0.079s] -- Up-to-date: /home/lars/MasterUiA/tb_ws/install/tb3_cpp/share/tb3_cpp/environment/path.sh
[0.079s] -- Up-to-date: /home/lars/MasterUiA/tb_ws/install/tb3_cpp/share/tb3_cpp/environment/path.dsv
[0.079s] -- Up-to-date: /home/lars/MasterUiA/tb_ws/install/tb3_cpp/share/tb3_cpp/local_setup.bash
[0.079s] -- Up-to-date: /home/lars/MasterUiA/tb_ws/install/tb3_cpp/share/tb3_cpp/local_setup.sh
[0.079s] -- Up-to-date: /home/lars/MasterUiA/tb_ws/install/tb3_cpp/share/tb3_cpp/local_setup.zsh
[0.079s] -- Up-to-date: /home/lars/MasterUiA/tb_ws/install/tb3_cpp/share/tb3_cpp/local_setup.dsv
[0.079s] -- Installing: /home/lars/MasterUiA/tb_ws/install/tb3_cpp/share/tb3_cpp/package.dsv
[0.079s] -- Up-to-date: /home/lars/MasterUiA/tb_ws/install/tb3_cpp/share/ament_index/resource_index/packages/tb3_cpp
[0.079s] -- Up-to-date: /home/lars/MasterUiA/tb_ws/install/tb3_cpp/share/tb3_cpp/cmake/tb3_cppConfig.cmake
[0.079s] -- Up-to-date: /home/lars/MasterUiA/tb_ws/install/tb3_cpp/share/tb3_cpp/cmake/tb3_cppConfig-version.cmake
[0.079s] -- Up-to-date: /home/lars/MasterUiA/tb_ws/install/tb3_cpp/share/tb3_cpp/package.xml
[0.080s] Invoked command in '/home/lars/MasterUiA/tb_ws/build/tb3_cpp' returned '0': CMAKE_PREFIX_PATH=${CMAKE_PREFIX_PATH}:/opt/ros/foxy /usr/bin/cmake --install /home/lars/MasterUiA/tb_ws/build/tb3_cpp
