-- Found ament_cmake: 0.9.11 (/opt/ros/foxy/share/ament_cmake/cmake)
-- Using PYTHON_EXECUTABLE: /usr/bin/python3
-- Found ament_lint_auto: 0.9.7 (/opt/ros/foxy/share/ament_lint_auto/cmake)
-- Added test 'copyright' to check source files copyright and LICENSE
-- Added test 'cppcheck' to perform static code analysis on C / C++ code
-- Configured cppcheck include dirs: $<BUILD_INTERFACE:/home/lars/tb_ws/src/tb_cpp/include>
-- Configured cppcheck exclude dirs and/or files: 
-- Added test 'cpplint' to check C / C++ code against the Google style
-- Configured cpplint exclude dirs and/or files: 
-- Added test 'flake8' to check Python code syntax and style conventions
-- Added test 'lint_cmake' to check CMake code style
-- Added test 'pep257' to check Python code against some of the style conventions in PEP 257
-- Added test 'uncrustify' to check C / C++ code style
-- Configured uncrustify additional arguments: 
-- Added test 'xmllint' to check XML markup files
-- Configuring done
-- Generating done
-- Build files have been written to: /home/lars/tb_ws/build/tb_cpp
[100%] Built target my_node
-- Install configuration: ""
-- Up-to-date: /home/lars/tb_ws/install/tb_cpp/lib/tb_cpp/my_node
-- Up-to-date: /home/lars/tb_ws/install/tb_cpp/share/tb_cpp//launch
-- Installing: /home/lars/tb_ws/install/tb_cpp/share/tb_cpp//launch/tb_launch.py
-- Installing: /home/lars/tb_ws/install/tb_cpp/share/ament_index/resource_index/package_run_dependencies/tb_cpp
-- Up-to-date: /home/lars/tb_ws/install/tb_cpp/share/ament_index/resource_index/parent_prefix_path/tb_cpp
-- Up-to-date: /home/lars/tb_ws/install/tb_cpp/share/tb_cpp/environment/ament_prefix_path.sh
-- Installing: /home/lars/tb_ws/install/tb_cpp/share/tb_cpp/environment/ament_prefix_path.dsv
-- Up-to-date: /home/lars/tb_ws/install/tb_cpp/share/tb_cpp/environment/path.sh
-- Installing: /home/lars/tb_ws/install/tb_cpp/share/tb_cpp/environment/path.dsv
-- Up-to-date: /home/lars/tb_ws/install/tb_cpp/share/tb_cpp/local_setup.bash
-- Up-to-date: /home/lars/tb_ws/install/tb_cpp/share/tb_cpp/local_setup.sh
-- Up-to-date: /home/lars/tb_ws/install/tb_cpp/share/tb_cpp/local_setup.zsh
-- Installing: /home/lars/tb_ws/install/tb_cpp/share/tb_cpp/local_setup.dsv
-- Installing: /home/lars/tb_ws/install/tb_cpp/share/tb_cpp/package.dsv
-- Up-to-date: /home/lars/tb_ws/install/tb_cpp/share/ament_index/resource_index/packages/tb_cpp
-- Up-to-date: /home/lars/tb_ws/install/tb_cpp/share/tb_cpp/cmake/tb_cppConfig.cmake
-- Up-to-date: /home/lars/tb_ws/install/tb_cpp/share/tb_cpp/cmake/tb_cppConfig-version.cmake
-- Installing: /home/lars/tb_ws/install/tb_cpp/share/tb_cpp/package.xml
