[0.005s] Invoking command in '/home/lars/tb_ws/build/tb_cpp': CMAKE_PREFIX_PATH=${CMAKE_PREFIX_PATH}:/opt/ros/foxy /usr/bin/cmake --build /home/lars/tb_ws/build/tb_cpp -- -j12 -l12
[0.020s] -- Found ament_cmake: 0.9.11 (/opt/ros/foxy/share/ament_cmake/cmake)
[0.034s] -- Using PYTHON_EXECUTABLE: /usr/bin/python3
[0.138s] -- Found ament_lint_auto: 0.9.7 (/opt/ros/foxy/share/ament_lint_auto/cmake)
[0.176s] -- Added test 'copyright' to check source files copyright and LICENSE
[0.176s] -- Added test 'cppcheck' to perform static code analysis on C / C++ code
[0.176s] -- Configured cppcheck include dirs: $<BUILD_INTERFACE:/home/lars/tb_ws/src/tb_cpp/include>
[0.176s] -- Configured cppcheck exclude dirs and/or files: 
[0.176s] -- Added test 'cpplint' to check C / C++ code against the Google style
[0.176s] -- Configured cpplint exclude dirs and/or files: 
[0.177s] -- Added test 'flake8' to check Python code syntax and style conventions
[0.177s] -- Added test 'lint_cmake' to check CMake code style
[0.177s] -- Added test 'pep257' to check Python code against some of the style conventions in PEP 257
[0.178s] -- Added test 'uncrustify' to check C / C++ code style
[0.178s] -- Configured uncrustify additional arguments: 
[0.178s] -- Added test 'xmllint' to check XML markup files
[0.179s] -- Configuring done
[0.180s] -- Generating done
[0.181s] -- Build files have been written to: /home/lars/tb_ws/build/tb_cpp
[0.201s] [100%] Built target my_node
[0.211s] Invoked command in '/home/lars/tb_ws/build/tb_cpp' returned '0': CMAKE_PREFIX_PATH=${CMAKE_PREFIX_PATH}:/opt/ros/foxy /usr/bin/cmake --build /home/lars/tb_ws/build/tb_cpp -- -j12 -l12
[0.241s] Invoking command in '/home/lars/tb_ws/build/tb_cpp': CMAKE_PREFIX_PATH=${CMAKE_PREFIX_PATH}:/opt/ros/foxy /usr/bin/cmake --install /home/lars/tb_ws/build/tb_cpp
[0.247s] -- Install configuration: ""
[0.248s] -- Up-to-date: /home/lars/tb_ws/install/tb_cpp/lib/tb_cpp/my_node
[0.248s] -- Up-to-date: /home/lars/tb_ws/install/tb_cpp/share/tb_cpp//launch
[0.248s] -- Installing: /home/lars/tb_ws/install/tb_cpp/share/tb_cpp//launch/tb_launch.py
[0.248s] -- Installing: /home/lars/tb_ws/install/tb_cpp/share/ament_index/resource_index/package_run_dependencies/tb_cpp
[0.248s] -- Up-to-date: /home/lars/tb_ws/install/tb_cpp/share/ament_index/resource_index/parent_prefix_path/tb_cpp
[0.248s] -- Up-to-date: /home/lars/tb_ws/install/tb_cpp/share/tb_cpp/environment/ament_prefix_path.sh
[0.248s] -- Installing: /home/lars/tb_ws/install/tb_cpp/share/tb_cpp/environment/ament_prefix_path.dsv
[0.248s] -- Up-to-date: /home/lars/tb_ws/install/tb_cpp/share/tb_cpp/environment/path.sh
[0.248s] -- Installing: /home/lars/tb_ws/install/tb_cpp/share/tb_cpp/environment/path.dsv
[0.248s] -- Up-to-date: /home/lars/tb_ws/install/tb_cpp/share/tb_cpp/local_setup.bash
[0.248s] -- Up-to-date: /home/lars/tb_ws/install/tb_cpp/share/tb_cpp/local_setup.sh
[0.248s] -- Up-to-date: /home/lars/tb_ws/install/tb_cpp/share/tb_cpp/local_setup.zsh
[0.248s] -- Installing: /home/lars/tb_ws/install/tb_cpp/share/tb_cpp/local_setup.dsv
[0.248s] -- Installing: /home/lars/tb_ws/install/tb_cpp/share/tb_cpp/package.dsv
[0.249s] -- Up-to-date: /home/lars/tb_ws/install/tb_cpp/share/ament_index/resource_index/packages/tb_cpp
[0.249s] -- Up-to-date: /home/lars/tb_ws/install/tb_cpp/share/tb_cpp/cmake/tb_cppConfig.cmake
[0.249s] -- Up-to-date: /home/lars/tb_ws/install/tb_cpp/share/tb_cpp/cmake/tb_cppConfig-version.cmake
[0.249s] -- Installing: /home/lars/tb_ws/install/tb_cpp/share/tb_cpp/package.xml
[0.251s] Invoked command in '/home/lars/tb_ws/build/tb_cpp' returned '0': CMAKE_PREFIX_PATH=${CMAKE_PREFIX_PATH}:/opt/ros/foxy /usr/bin/cmake --install /home/lars/tb_ws/build/tb_cpp
