[0.011s] Invoking command in '/home/lars/MasterUiA/tb_ws/build/tb3_cpp': CMAKE_PREFIX_PATH=${CMAKE_PREFIX_PATH}:/opt/ros/foxy /usr/bin/cmake /home/lars/MasterUiA/tb_ws/src/tb3_cpp -DCMAKE_INSTALL_PREFIX=/home/lars/MasterUiA/tb_ws/install/tb3_cpp
[0.053s] -- The C compiler identification is GNU 9.4.0
[0.090s] -- The CXX compiler identification is GNU 9.4.0
[0.093s] -- Check for working C compiler: /usr/bin/cc
[0.138s] -- Check for working C compiler: /usr/bin/cc -- works
[0.138s] -- Detecting C compiler ABI info
[0.182s] -- Detecting C compiler ABI info - done
[0.190s] -- Detecting C compile features
[0.190s] -- Detecting C compile features - done
[0.192s] -- Check for working CXX compiler: /usr/bin/c++
[0.246s] -- Check for working CXX compiler: /usr/bin/c++ -- works
[0.247s] -- Detecting CXX compiler ABI info
[0.302s] -- Detecting CXX compiler ABI info - done
[0.311s] -- Detecting CXX compile features
[0.311s] -- Detecting CXX compile features - done
[0.313s] -- Found ament_cmake: 0.9.11 (/opt/ros/foxy/share/ament_cmake/cmake)
[0.328s] -- Found PythonInterp: /usr/bin/python3 (found suitable version "3.8.10", minimum required is "3") 
[0.328s] -- Using PYTHON_EXECUTABLE: /usr/bin/python3
[0.443s] -- Found ament_lint_auto: 0.9.7 (/opt/ros/foxy/share/ament_lint_auto/cmake)
[0.490s] -- Added test 'copyright' to check source files copyright and LICENSE
[0.491s] -- Added test 'cppcheck' to perform static code analysis on C / C++ code
[0.491s] -- Configured cppcheck include dirs: $<BUILD_INTERFACE:/home/lars/MasterUiA/tb_ws/src/tb3_cpp/include>
[0.491s] -- Configured cppcheck exclude dirs and/or files: 
[0.491s] -- Added test 'cpplint' to check C / C++ code against the Google style
[0.492s] -- Configured cpplint exclude dirs and/or files: 
[0.492s] -- Added test 'flake8' to check Python code syntax and style conventions
[0.492s] -- Added test 'lint_cmake' to check CMake code style
[0.492s] -- Added test 'pep257' to check Python code against some of the style conventions in PEP 257
[0.493s] -- Added test 'uncrustify' to check C / C++ code style
[0.493s] -- Configured uncrustify additional arguments: 
[0.493s] -- Added test 'xmllint' to check XML markup files
[0.494s] -- Configuring done
[0.496s] -- Generating done
[0.497s] -- Build files have been written to: /home/lars/MasterUiA/tb_ws/build/tb3_cpp
[0.499s] Invoked command in '/home/lars/MasterUiA/tb_ws/build/tb3_cpp' returned '0': CMAKE_PREFIX_PATH=${CMAKE_PREFIX_PATH}:/opt/ros/foxy /usr/bin/cmake /home/lars/MasterUiA/tb_ws/src/tb3_cpp -DCMAKE_INSTALL_PREFIX=/home/lars/MasterUiA/tb_ws/install/tb3_cpp
[0.502s] Invoking command in '/home/lars/MasterUiA/tb_ws/build/tb3_cpp': CMAKE_PREFIX_PATH=${CMAKE_PREFIX_PATH}:/opt/ros/foxy /usr/bin/cmake --build /home/lars/MasterUiA/tb_ws/build/tb3_cpp -- -j12 -l12
[0.529s] [35m[1mScanning dependencies of target my_node[0m
[0.536s] [ 50%] [32mBuilding CXX object CMakeFiles/my_node.dir/src/my_node.cpp.o[0m
[0.559s] [100%] [32m[1mLinking CXX executable my_node[0m
[0.590s] [100%] Built target my_node
[0.598s] Invoked command in '/home/lars/MasterUiA/tb_ws/build/tb3_cpp' returned '0': CMAKE_PREFIX_PATH=${CMAKE_PREFIX_PATH}:/opt/ros/foxy /usr/bin/cmake --build /home/lars/MasterUiA/tb_ws/build/tb3_cpp -- -j12 -l12
[0.624s] Invoking command in '/home/lars/MasterUiA/tb_ws/build/tb3_cpp': CMAKE_PREFIX_PATH=${CMAKE_PREFIX_PATH}:/opt/ros/foxy /usr/bin/cmake --install /home/lars/MasterUiA/tb_ws/build/tb3_cpp
[0.631s] -- Install configuration: ""
[0.631s] -- Installing: /home/lars/MasterUiA/tb_ws/install/tb3_cpp/lib/tb3_cpp/my_node
[0.631s] -- Installing: /home/lars/MasterUiA/tb_ws/install/tb3_cpp/share/tb3_cpp//launch
[0.631s] -- Installing: /home/lars/MasterUiA/tb_ws/install/tb3_cpp/share/tb3_cpp//launch/tb3_launch.py
[0.631s] -- Installing: /home/lars/MasterUiA/tb_ws/install/tb3_cpp/share/tb3_cpp//params
[0.631s] -- Installing: /home/lars/MasterUiA/tb_ws/install/tb3_cpp/share/tb3_cpp//params/tb3_param.yaml
[0.631s] -- Installing: /home/lars/MasterUiA/tb_ws/install/tb3_cpp/share/ament_index/resource_index/package_run_dependencies/tb3_cpp
[0.631s] -- Installing: /home/lars/MasterUiA/tb_ws/install/tb3_cpp/share/ament_index/resource_index/parent_prefix_path/tb3_cpp
[0.631s] -- Installing: /home/lars/MasterUiA/tb_ws/install/tb3_cpp/share/tb3_cpp/environment/ament_prefix_path.sh
[0.631s] -- Installing: /home/lars/MasterUiA/tb_ws/install/tb3_cpp/share/tb3_cpp/environment/ament_prefix_path.dsv
[0.631s] -- Installing: /home/lars/MasterUiA/tb_ws/install/tb3_cpp/share/tb3_cpp/environment/path.sh
[0.631s] -- Installing: /home/lars/MasterUiA/tb_ws/install/tb3_cpp/share/tb3_cpp/environment/path.dsv
[0.631s] -- Installing: /home/lars/MasterUiA/tb_ws/install/tb3_cpp/share/tb3_cpp/local_setup.bash
[0.632s] -- Installing: /home/lars/MasterUiA/tb_ws/install/tb3_cpp/share/tb3_cpp/local_setup.sh
[0.632s] -- Installing: /home/lars/MasterUiA/tb_ws/install/tb3_cpp/share/tb3_cpp/local_setup.zsh
[0.632s] -- Installing: /home/lars/MasterUiA/tb_ws/install/tb3_cpp/share/tb3_cpp/local_setup.dsv
[0.632s] -- Installing: /home/lars/MasterUiA/tb_ws/install/tb3_cpp/share/tb3_cpp/package.dsv
[0.632s] -- Installing: /home/lars/MasterUiA/tb_ws/install/tb3_cpp/share/ament_index/resource_index/packages/tb3_cpp
[0.632s] -- Installing: /home/lars/MasterUiA/tb_ws/install/tb3_cpp/share/tb3_cpp/cmake/tb3_cppConfig.cmake
[0.632s] -- Installing: /home/lars/MasterUiA/tb_ws/install/tb3_cpp/share/tb3_cpp/cmake/tb3_cppConfig-version.cmake
[0.632s] -- Installing: /home/lars/MasterUiA/tb_ws/install/tb3_cpp/share/tb3_cpp/package.xml
[0.634s] Invoked command in '/home/lars/MasterUiA/tb_ws/build/tb3_cpp' returned '0': CMAKE_PREFIX_PATH=${CMAKE_PREFIX_PATH}:/opt/ros/foxy /usr/bin/cmake --install /home/lars/MasterUiA/tb_ws/build/tb3_cpp
