-- The C compiler identification is GNU 9.4.0
-- The CXX compiler identification is GNU 9.4.0
-- Check for working C compiler: /usr/bin/cc
-- Check for working C compiler: /usr/bin/cc -- works
-- Detecting C compiler ABI info
-- Detecting C compiler ABI info - done
-- Detecting C compile features
-- Detecting C compile features - done
-- Check for working CXX compiler: /usr/bin/c++
-- Check for working CXX compiler: /usr/bin/c++ -- works
-- Detecting CXX compiler ABI info
-- Detecting CXX compiler ABI info - done
-- Detecting CXX compile features
-- Detecting CXX compile features - done
-- Found ament_cmake: 0.9.11 (/opt/ros/foxy/share/ament_cmake/cmake)
-- Found PythonInterp: /usr/bin/python3 (found suitable version "3.8.10", minimum required is "3") 
-- Using PYTHON_EXECUTABLE: /usr/bin/python3
-- Found ament_lint_auto: 0.9.7 (/opt/ros/foxy/share/ament_lint_auto/cmake)
-- Added test 'copyright' to check source files copyright and LICENSE
-- Added test 'cppcheck' to perform static code analysis on C / C++ code
-- Configured cppcheck include dirs: $<BUILD_INTERFACE:/home/lars/tb_ws/src/tb_cpp/include>
-- Configured cppcheck exclude dirs and/or files: 
-- Added test 'cpplint' to check C / C++ code against the Google style
-- Configured cpplint exclude dirs and/or files: 
-- Added test 'lint_cmake' to check CMake code style
-- Added test 'uncrustify' to check C / C++ code style
-- Configured uncrustify additional arguments: 
-- Added test 'xmllint' to check XML markup files
-- Configuring done
-- Generating done
-- Build files have been written to: /home/lars/tb_ws/build/tb_cpp
[35m[1mScanning dependencies of target my_node[0m
[ 50%] [32mBuilding CXX object CMakeFiles/my_node.dir/src/my_node.cpp.o[0m
[100%] [32m[1mLinking CXX executable my_node[0m
[100%] Built target my_node
-- Install configuration: ""
-- Installing: /home/lars/tb_ws/install/tb_cpp/lib/tb_cpp/my_node
-- Installing: /home/lars/tb_ws/install/tb_cpp/share/ament_index/resource_index/package_run_dependencies/tb_cpp
-- Installing: /home/lars/tb_ws/install/tb_cpp/share/ament_index/resource_index/parent_prefix_path/tb_cpp
-- Installing: /home/lars/tb_ws/install/tb_cpp/share/tb_cpp/environment/ament_prefix_path.sh
-- Installing: /home/lars/tb_ws/install/tb_cpp/share/tb_cpp/environment/ament_prefix_path.dsv
-- Installing: /home/lars/tb_ws/install/tb_cpp/share/tb_cpp/environment/path.sh
-- Installing: /home/lars/tb_ws/install/tb_cpp/share/tb_cpp/environment/path.dsv
-- Installing: /home/lars/tb_ws/install/tb_cpp/share/tb_cpp/local_setup.bash
-- Installing: /home/lars/tb_ws/install/tb_cpp/share/tb_cpp/local_setup.sh
-- Installing: /home/lars/tb_ws/install/tb_cpp/share/tb_cpp/local_setup.zsh
-- Installing: /home/lars/tb_ws/install/tb_cpp/share/tb_cpp/local_setup.dsv
-- Installing: /home/lars/tb_ws/install/tb_cpp/share/tb_cpp/package.dsv
-- Installing: /home/lars/tb_ws/install/tb_cpp/share/ament_index/resource_index/packages/tb_cpp
-- Installing: /home/lars/tb_ws/install/tb_cpp/share/tb_cpp/cmake/tb_cppConfig.cmake
-- Installing: /home/lars/tb_ws/install/tb_cpp/share/tb_cpp/cmake/tb_cppConfig-version.cmake
-- Installing: /home/lars/tb_ws/install/tb_cpp/share/tb_cpp/package.xml
