[0.012s] Invoking command in '/home/lars/tb_ws/build/tb_cpp': CMAKE_PREFIX_PATH=/opt/ros/foxy /usr/bin/cmake /home/lars/tb_ws/src/tb_cpp -DCMAKE_INSTALL_PREFIX=/home/lars/tb_ws/install/tb_cpp
[0.109s] -- The C compiler identification is GNU 9.4.0
[0.179s] -- The CXX compiler identification is GNU 9.4.0
[0.185s] -- Check for working C compiler: /usr/bin/cc
[0.230s] -- Check for working C compiler: /usr/bin/cc -- works
[0.231s] -- Detecting C compiler ABI info
[0.302s] -- Detecting C compiler ABI info - done
[0.312s] -- Detecting C compile features
[0.312s] -- Detecting C compile features - done
[0.315s] -- Check for working CXX compiler: /usr/bin/c++
[0.384s] -- Check for working CXX compiler: /usr/bin/c++ -- works
[0.385s] -- Detecting CXX compiler ABI info
[0.459s] -- Detecting CXX compiler ABI info - done
[0.466s] -- Detecting CXX compile features
[0.466s] -- Detecting CXX compile features - done
[0.468s] -- Found ament_cmake: 0.9.11 (/opt/ros/foxy/share/ament_cmake/cmake)
[0.487s] -- Found PythonInterp: /usr/bin/python3 (found suitable version "3.8.10", minimum required is "3") 
[0.487s] -- Using PYTHON_EXECUTABLE: /usr/bin/python3
[0.614s] -- Found ament_lint_auto: 0.9.7 (/opt/ros/foxy/share/ament_lint_auto/cmake)
[0.670s] -- Added test 'copyright' to check source files copyright and LICENSE
[0.671s] -- Added test 'cppcheck' to perform static code analysis on C / C++ code
[0.671s] -- Configured cppcheck include dirs: $<BUILD_INTERFACE:/home/lars/tb_ws/src/tb_cpp/include>
[0.671s] -- Configured cppcheck exclude dirs and/or files: 
[0.671s] -- Added test 'cpplint' to check C / C++ code against the Google style
[0.671s] -- Configured cpplint exclude dirs and/or files: 
[0.672s] -- Added test 'lint_cmake' to check CMake code style
[0.673s] -- Added test 'uncrustify' to check C / C++ code style
[0.673s] -- Configured uncrustify additional arguments: 
[0.673s] -- Added test 'xmllint' to check XML markup files
[0.674s] -- Configuring done
[0.676s] -- Generating done
[0.677s] -- Build files have been written to: /home/lars/tb_ws/build/tb_cpp
[0.680s] Invoked command in '/home/lars/tb_ws/build/tb_cpp' returned '0': CMAKE_PREFIX_PATH=/opt/ros/foxy /usr/bin/cmake /home/lars/tb_ws/src/tb_cpp -DCMAKE_INSTALL_PREFIX=/home/lars/tb_ws/install/tb_cpp
[0.682s] Invoking command in '/home/lars/tb_ws/build/tb_cpp': CMAKE_PREFIX_PATH=/opt/ros/foxy /usr/bin/cmake --build /home/lars/tb_ws/build/tb_cpp -- -j12 -l12
[0.707s] [35m[1mScanning dependencies of target my_node[0m
[0.715s] [ 50%] [32mBuilding CXX object CMakeFiles/my_node.dir/src/my_node.cpp.o[0m
[0.741s] [100%] [32m[1mLinking CXX executable my_node[0m
[0.768s] [100%] Built target my_node
[0.780s] Invoked command in '/home/lars/tb_ws/build/tb_cpp' returned '0': CMAKE_PREFIX_PATH=/opt/ros/foxy /usr/bin/cmake --build /home/lars/tb_ws/build/tb_cpp -- -j12 -l12
[0.814s] Invoking command in '/home/lars/tb_ws/build/tb_cpp': CMAKE_PREFIX_PATH=/opt/ros/foxy /usr/bin/cmake --install /home/lars/tb_ws/build/tb_cpp
[0.822s] -- Install configuration: ""
[0.822s] -- Installing: /home/lars/tb_ws/install/tb_cpp/lib/tb_cpp/my_node
[0.823s] -- Installing: /home/lars/tb_ws/install/tb_cpp/share/ament_index/resource_index/package_run_dependencies/tb_cpp
[0.823s] -- Installing: /home/lars/tb_ws/install/tb_cpp/share/ament_index/resource_index/parent_prefix_path/tb_cpp
[0.823s] -- Installing: /home/lars/tb_ws/install/tb_cpp/share/tb_cpp/environment/ament_prefix_path.sh
[0.823s] -- Installing: /home/lars/tb_ws/install/tb_cpp/share/tb_cpp/environment/ament_prefix_path.dsv
[0.823s] -- Installing: /home/lars/tb_ws/install/tb_cpp/share/tb_cpp/environment/path.sh
[0.823s] -- Installing: /home/lars/tb_ws/install/tb_cpp/share/tb_cpp/environment/path.dsv
[0.823s] -- Installing: /home/lars/tb_ws/install/tb_cpp/share/tb_cpp/local_setup.bash
[0.823s] -- Installing: /home/lars/tb_ws/install/tb_cpp/share/tb_cpp/local_setup.sh
[0.823s] -- Installing: /home/lars/tb_ws/install/tb_cpp/share/tb_cpp/local_setup.zsh
[0.824s] -- Installing: /home/lars/tb_ws/install/tb_cpp/share/tb_cpp/local_setup.dsv
[0.824s] -- Installing: /home/lars/tb_ws/install/tb_cpp/share/tb_cpp/package.dsv
[0.824s] -- Installing: /home/lars/tb_ws/install/tb_cpp/share/ament_index/resource_index/packages/tb_cpp
[0.824s] -- Installing: /home/lars/tb_ws/install/tb_cpp/share/tb_cpp/cmake/tb_cppConfig.cmake
[0.824s] -- Installing: /home/lars/tb_ws/install/tb_cpp/share/tb_cpp/cmake/tb_cppConfig-version.cmake
[0.824s] -- Installing: /home/lars/tb_ws/install/tb_cpp/share/tb_cpp/package.xml
[0.826s] Invoked command in '/home/lars/tb_ws/build/tb_cpp' returned '0': CMAKE_PREFIX_PATH=/opt/ros/foxy /usr/bin/cmake --install /home/lars/tb_ws/build/tb_cpp
